#
# An unexpected error has been detected by HotSpot Virtual Machine:
#
#  SIGSEGV (0xb) at pc=0x401f3a8a, pid=308, tid=131081
#
# Java VM: Java HotSpot(TM) Client VM (1.5.0-b64 mixed mode)
# Problematic frame:
# V  [libjvm.so+0x5aa8a]
#

---------------  T H R E A D  ---------------

Current thread (0x080d46b0):  JavaThread "CompilerThread0" daemon [_thread_in_native, id=326]

siginfo:si_signo=11, si_errno=0, si_code=1, si_addr=0x00000014

Registers:
EAX=0x00000000, EBX=0x404d2ae8, ECX=0x404d7880, EDX=0xbe9ff1c4
ESP=0xbe9ff0a0, EBP=0xbe9ff0bc, ESI=0xbe9ff1c4, EDI=0x404bc228
EIP=0x401f3a8a, CR2=0x00000014, EFLAGS=0x00210282

Top of Stack: (sp=0xbe9ff0a0)
0xbe9ff0a0:   4021d311 404d7880 0000000c 4e987a28
0xbe9ff0b0:   4021aab4 0880e510 4e9586f0 be9ff1fc
0xbe9ff0c0:   401fc3e6 be9ff1c4 404d7880 be9ff10c
0xbe9ff0d0:   4021ab7e 4e9586c8 be9ff3fc 4e958970
0xbe9ff0e0:   4041808a 404d2ae8 4e987c08 be9ff11c
0xbe9ff0f0:   401ecb71 4003951e 4e987800 0880e510
0xbe9ff100:   402dc694 00000000 0000000b be9ff14c
0xbe9ff110:   00000000 404ca024 be9ff1c4 404bc248 

Instructions: (pc=0x401f3a8a)
0x401f3a7a:   bc 27 00 00 00 00 55 89 e5 8b 45 08 5d 8b 40 10
0x401f3a8a:   8b 40 14 c3 89 f6 55 89 e5 8b 55 0c 8b 4d 08 8b 

Stack: [0xbe801000,0xbea00000),  sp=0xbe9ff0a0,  free space=2040k
Native frames: (J=compiled Java code, j=interpreted, Vv=VM code, C=native code)
V  [libjvm.so+0x5aa8a]
V  [libjvm.so+0x633e6]
V  [libjvm.so+0x52283]
V  [libjvm.so+0x52ea2]
V  [libjvm.so+0x529ff]
V  [libjvm.so+0x836dc]
V  [libjvm.so+0x68746]
V  [libjvm.so+0x68bf9]
V  [libjvm.so+0x69281]
V  [libjvm.so+0x69727]
V  [libjvm.so+0x6a28b]
V  [libjvm.so+0x10142c]
V  [libjvm.so+0x100e03]
V  [libjvm.so+0x2b58a6]
V  [libjvm.so+0x2b030d]
V  [libjvm.so+0x257e88]
C  [libpthread.so.0+0x608e]


Current CompileTask:
HotSpot Client Compiler:1678   b  gnu.regexp.RETokenOneOf.match(Lgnu/regexp/CharIndexed;Lgnu/regexp/REMatch;)Z (175 bytes)


---------------  P R O C E S S  ---------------

Java Threads: ( => current thread )
  0x08807e68 JavaThread "Thread-3" [_thread_blocked, id=496]
  0x080d13f8 JavaThread "SIGTERM handler" daemon [_thread_blocked, id=495]
  0x0879eac8 JavaThread "Foxtrot Default Worker Thread" daemon [_thread_blocked, id=363]
  0x0845bc08 JavaThread "TimerQueue" daemon [_thread_blocked, id=345]
  0x0805f0e8 JavaThread "DestroyJavaVM" [_thread_blocked, id=308]
  0x086bf148 JavaThread "Thread-2" [_thread_blocked, id=344]
  0x083a7e70 JavaThread "AWT-EventQueue-0" [_thread_blocked, id=343]
  0x087a61c8 JavaThread "AWT-Shutdown" [_thread_blocked, id=342]
  0x083950e8 JavaThread "Thread-1" [_thread_blocked, id=338]
  0x086af1c0 JavaThread "AWT-XAWT" daemon [_thread_blocked, id=330]
  0x086957d8 JavaThread "Java2D Disposer" daemon [_thread_blocked, id=329]
  0x080d5f08 JavaThread "Low Memory Detector" daemon [_thread_blocked, id=327]
=>0x080d46b0 JavaThread "CompilerThread0" daemon [_thread_in_native, id=326]
  0x080d30c8 JavaThread "Signal Dispatcher" daemon [_thread_blocked, id=325]
  0x080d0448 JavaThread "JDWP Event Helper Thread" daemon [_thread_blocked, id=321]
  0x080ce948 JavaThread "JDWP Transport Listener: dt_socket" daemon [_thread_in_native, id=319]
  0x080bf798 JavaThread "Finalizer" daemon [_thread_blocked, id=317]
  0x080bd9a8 JavaThread "Reference Handler" daemon [_thread_blocked, id=316]

Other Threads:
  0x080b8e08 VMThread [id=315]
  0x080d7390 WatcherThread [id=328]

VM state:not at safepoint (normal execution)

VM Mutex/Monitor currently owned by a thread: None

Heap
 def new generation   total 1024K, used 161K [0x45980000, 0x45a90000, 0x45e60000)
  eden space 960K,  14% used [0x45980000, 0x459a2f48, 0x45a70000)
  from space 64K,  33% used [0x45a80000, 0x45a856c8, 0x45a90000)
  to   space 64K,   0% used [0x45a70000, 0x45a70000, 0x45a80000)
 tenured generation   total 21456K, used 19973K [0x45e60000, 0x47354000, 0x49980000)
   the space 21456K,  93% used [0x45e60000, 0x471e15f0, 0x471e1600, 0x47354000)
 compacting perm gen  total 15360K, used 15278K [0x49980000, 0x4a880000, 0x4d980000)
   the space 15360K,  99% used [0x49980000, 0x4a86b8d0, 0x4a86ba00, 0x4a880000)
No shared spaces configured.

Dynamic libraries:
08048000-08056000 r-xp 00000000 03:06 508003     /usr/java/jdk1.5.0/bin/java
08056000-08058000 rwxp 0000e000 03:06 508003     /usr/java/jdk1.5.0/bin/java
08058000-08835000 rwxp 08058000 00:00 0 
40000000-40016000 r-xp 00000000 03:06 761266     /lib/ld-2.3.4.so
40016000-40017000 rwxp 00016000 03:06 761266     /lib/ld-2.3.4.so
4002e000-4002f000 rwxp 4002e000 00:00 0 
4002f000-4003e000 r-xp 00000000 03:06 761087     /lib/libpthread-0.10.so
4003e000-4003f000 rwxp 0000e000 03:06 761087     /lib/libpthread-0.10.so
4003f000-40081000 rwxp 4003f000 00:00 0 
40081000-40083000 r-xp 00000000 03:06 761245     /lib/libdl-2.3.4.so
40083000-40084000 rwxp 00002000 03:06 761245     /lib/libdl-2.3.4.so
40084000-40193000 r-xp 00000000 03:06 761099     /lib/libc-2.3.4.so
40193000-40196000 rwxp 0010e000 03:06 761099     /lib/libc-2.3.4.so
40196000-40199000 rwxp 40196000 00:00 0 
40199000-404b8000 r-xp 00000000 03:06 507287     /usr/java/jdk1.5.0/jre/lib/i386/client/libjvm.so
404b8000-404d6000 rwxp 0031e000 03:06 507287     /usr/java/jdk1.5.0/jre/lib/i386/client/libjvm.so
404d6000-408eb000 rwxp 404d6000 00:00 0 
40902000-40923000 r-xp 00000000 03:06 761243     /lib/libm-2.3.4.so
40923000-40924000 rwxp 00020000 03:06 761243     /lib/libm-2.3.4.so
40924000-40925000 r-xp 40924000 00:00 0 
40925000-4092b000 r-xp 00000000 03:06 507281     /usr/java/jdk1.5.0/jre/lib/i386/native_threads/libhpi.so
4092b000-4092c000 rwxp 00006000 03:06 507281     /usr/java/jdk1.5.0/jre/lib/i386/native_threads/libhpi.so
40943000-40955000 r-xp 00000000 03:06 761098     /lib/libnsl-2.3.4.so
40955000-40956000 rwxp 00011000 03:06 761098     /lib/libnsl-2.3.4.so
40956000-40958000 rwxp 40956000 00:00 0 
40958000-4098a000 r-xp 00000000 03:06 507338     /usr/java/jdk1.5.0/jre/lib/i386/libjdwp.so
4098a000-4098b000 rwxp 00032000 03:06 507338     /usr/java/jdk1.5.0/jre/lib/i386/libjdwp.so
4098b000-4098e000 rwxp 4098b000 00:00 0 
409a5000-409ac000 r-xp 00000000 03:06 758617     /lib/libnss_compat-2.3.4.so
409ac000-409ad000 rwxp 00006000 03:06 758617     /lib/libnss_compat-2.3.4.so
409ad000-409b5000 r-xp 00000000 03:06 761244     /lib/libnss_nis-2.3.4.so
409b5000-409b6000 rwxp 00008000 03:06 761244     /lib/libnss_nis-2.3.4.so
409b6000-409be000 r-xp 00000000 03:06 761303     /lib/libnss_files-2.3.4.so
409be000-409bf000 rwxp 00008000 03:06 761303     /lib/libnss_files-2.3.4.so
409bf000-409c7000 rwxs 00000000 03:06 1659497    /tmp/hsperfdata_gpothier/308
409c7000-409d2000 r-xp 00000000 03:06 507293     /usr/java/jdk1.5.0/jre/lib/i386/libverify.so
409d2000-409d3000 rwxp 0000b000 03:06 507293     /usr/java/jdk1.5.0/jre/lib/i386/libverify.so
409d3000-409f4000 r-xp 00000000 03:06 507294     /usr/java/jdk1.5.0/jre/lib/i386/libjava.so
409f4000-409f6000 rwxp 00020000 03:06 507294     /usr/java/jdk1.5.0/jre/lib/i386/libjava.so
409f6000-40a09000 r-xp 00000000 03:06 507297     /usr/java/jdk1.5.0/jre/lib/i386/libzip.so
40a09000-40a0b000 rwxp 00012000 03:06 507297     /usr/java/jdk1.5.0/jre/lib/i386/libzip.so
40a0b000-42fc2000 r-xs 00000000 03:06 507997     /usr/java/jdk1.5.0/jre/lib/rt.jar
42fc2000-4302a000 rwxp 42fc2000 00:00 0 
4302a000-430b0000 r-xs 00000000 03:06 507918     /usr/java/jdk1.5.0/jre/lib/jsse.jar
430b0000-430c4000 r-xs 00000000 03:06 507350     /usr/java/jdk1.5.0/jre/lib/jce.jar
430c4000-438ff000 r-xs 00000000 03:06 507975     /usr/java/jdk1.5.0/jre/lib/charsets.jar
438ff000-43b17000 rwxp 438ff000 00:00 0 
43b17000-458ff000 rwxp 43b17000 00:00 0 
458ff000-45908000 rwxp 458ff000 00:00 0 
45908000-4597f000 rwxp 45908000 00:00 0 
45980000-45a90000 rwxp 45980000 00:00 0 
45a90000-45e60000 rwxp 45a90000 00:00 0 
45e60000-47354000 rwxp 45e60000 00:00 0 
47354000-49980000 rwxp 47354000 00:00 0 
49980000-4a880000 rwxp 49980000 00:00 0 
4a880000-4d980000 rwxp 4a880000 00:00 0 
4d980000-4d981000 rwxp 4d980000 00:00 0 
4d981000-4d982000 rwxp 4d981000 00:00 0 
4d982000-4d98d000 rwxp 4d982000 00:00 0 
4d98d000-4d9a0000 rwxp 4d98d000 00:00 0 
4d9a0000-4d9a8000 rwxp 4d9a0000 00:00 0 
4d9a8000-4d9c0000 rwxp 4d9a8000 00:00 0 
4d9c0000-4d9cc000 rwxp 4d9c0000 00:00 0 
4d9cc000-4d9df000 rwxp 4d9cc000 00:00 0 
4d9df000-4d9e7000 rwxp 4d9df000 00:00 0 
4d9e7000-4da00000 rwxp 4d9e7000 00:00 0 
4da00000-4da04000 r-xp 00000000 03:06 507339     /usr/java/jdk1.5.0/jre/lib/i386/libdt_socket.so
4da04000-4da05000 rwxp 00003000 03:06 507339     /usr/java/jdk1.5.0/jre/lib/i386/libdt_socket.so
4da05000-4da07000 r-xs 00000000 03:06 507348     /usr/java/jdk1.5.0/jre/lib/ext/dnsns.jar
4da07000-4da32000 r-xs 00000000 03:06 507347     /usr/java/jdk1.5.0/jre/lib/ext/sunpkcs11.jar
4da32000-4da58000 r-xs 00000000 03:06 507346     /usr/java/jdk1.5.0/jre/lib/ext/sunjce_provider.jar
4da58000-4db1c000 r-xs 00000000 03:06 507976     /usr/java/jdk1.5.0/jre/lib/ext/localedata.jar
4db1c000-4db24000 r-xs 00000000 03:07 734918     /home/gpothier/eclipse/workbench-3.1/kafenio/kafenio-src_0_8_5/lib/gnu-regexp-1.1.4.jar
4db24000-4db27000 r-xs 00000000 03:07 735248     /home/gpothier/eclipse/workbench-3.1/kafenio/kafenio-src_0_8_5/dist/kafenio-icons.jar
4db27000-4db3e000 r-xs 00000000 03:07 2399356    /home/gpothier/eclipse/workbench-3.1/StorySnipper/lib/runtime/metadata-extractor-2.2.2.jar
4db3e000-4db45000 r-xs 00000000 03:07 2402915    /home/gpothier/eclipse/workbench-3.1/StorySnipper/lib/runtime/foxtrot.jar
4db45000-4dbc3000 r-xs 00000000 03:07 2403325    /home/gpothier/eclipse/workbench-3.1/StorySnipper/lib/buildtime/bcel.jar
4dbc3000-4dbee000 r-xs 00000000 03:07 2403326    /home/gpothier/eclipse/workbench-3.1/StorySnipper/lib/buildtime/jibx-bind.jar
4dbee000-4dbf7000 r-xs 00000000 03:07 2403327    /home/gpothier/eclipse/workbench-3.1/StorySnipper/lib/buildtime/jibx-extras.jar
4dbf7000-4dc06000 r-xs 00000000 03:07 2403328    /home/gpothier/eclipse/workbench-3.1/StorySnipper/lib/runtime/jibx-run.jar
4dc06000-4dc12000 r-xs 00000000 03:07 2403329    /home/gpothier/eclipse/workbench-3.1/StorySnipper/lib/runtime/xpp3.jar
4dc12000-4dc27000 r-xs 00000000 03:07 2399517    /home/gpothier/eclipse/workbench-3.1/StorySnipper/lib/runtime/xmlrpc-1.2-b1.jar
4dc27000-4dc35000 r-xs 00000000 03:07 2318941    /home/gpothier/eclipse/workbench-3.1/snipsnap-core/lib/activation.jar
4dc35000-4dc3c000 r-xs 00000000 03:07 2318911    /home/gpothier/eclipse/workbench-3.1/snipsnap-core/lib/asm-1.4.1.jar
4dc3c000-4dc41000 r-xs 00000000 03:07 2318931    /home/gpothier/eclipse/workbench-3.1/snipsnap-core/lib/asm-util-1.4.1.jar
4dc41000-4dc4e000 r-xs 00000000 03:07 2318899    /home/gpothier/eclipse/workbench-3.1/snipsnap-core/lib/aspectjrt.jar
4dc4e000-4dc73000 r-xs 00000000 03:07 2318889    /home/gpothier/eclipse/workbench-3.1/snipsnap-core/lib/cglib-asm-1.0.jar
4dc73000-4dc9c000 r-xs 00000000 03:07 2318885    /home/gpothier/eclipse/workbench-3.1/snipsnap-core/lib/commons-collections.jar
4dc9c000-4dcb5000 r-xs 00000000 03:07 2318881    /home/gpothier/eclipse/workbench-3.1/snipsnap-core/lib/commons-dbcp-1.1.jar
4dcb5000-4dcbd000 r-xs 00000000 03:07 2318937    /home/gpothier/eclipse/workbench-3.1/snipsnap-core/lib/commons-logging.jar
4dcbd000-4dcc7000 r-xs 00000000 03:07 2318913    /home/gpothier/eclipse/workbench-3.1/snipsnap-core/lib/commons-pool-1.1.jar
4dcc7000-4dd3e000 r-xs 00000000 03:07 2318879    /home/gpothier/eclipse/workbench-3.1/snipsnap-core/lib/dom4j.jar
4dd3e000-4dd54000 r-xs 00000000 03:07 2318939    /home/gpothier/eclipse/workbench-3.1/snipsnap-core/lib/dynaop-1.0-beta.jar
4dd54000-4dd6e000 r-xs 00000000 03:07 2318901    /home/gpothier/eclipse/workbench-3.1/snipsnap-core/lib/gabriel.jar
4dd6e000-4dd99000 r-xs 00000000 03:07 2318933    /home/gpothier/eclipse/workbench-3.1/snipsnap-core/lib/graph-snipsnap.jar
4dd99000-4de64000 r-xs 00000000 03:07 2318895    /home/gpothier/eclipse/workbench-3.1/snipsnap-core/lib/groovy-1.0-beta-6.jar
4de64000-4de70000 r-xs 00000000 03:07 2318883    /home/gpothier/eclipse/workbench-3.1/snipsnap-core/lib/j2h.jar
4de70000-4de83000 r-xs 00000000 03:07 2318891    /home/gpothier/eclipse/workbench-3.1/snipsnap-core/lib/javax.servlet.jar
4de83000-4de90000 r-xs 00000000 03:07 2318869    /home/gpothier/eclipse/workbench-3.1/snipsnap-core/lib/jdbcstorage-1.0-alpha-1.jar
4de90000-4deae000 r-xs 00000000 03:07 2318873    /home/gpothier/eclipse/workbench-3.1/snipsnap-core/lib/jdic.jar
4deae000-4ded4000 r-xs 00000000 03:07 2318919    /home/gpothier/eclipse/workbench-3.1/snipsnap-core/lib/jdom-1.0.jar
4ded4000-4dfec000 r-xs 00000000 03:07 2318909    /home/gpothier/eclipse/workbench-3.1/snipsnap-core/lib/jena.jar
4dfec000-4dff6000 r-xs 00000000 03:07 2318877    /home/gpothier/eclipse/workbench-3.1/snipsnap-core/lib/jmdns.jar
4dff6000-4e007000 r-xs 00000000 03:07 2318893    /home/gpothier/eclipse/workbench-3.1/snipsnap-core/lib/jmock-1.0.0.jar
4e007000-4e024000 r-xs 00000000 03:07 2318925    /home/gpothier/eclipse/workbench-3.1/snipsnap-core/lib/junit.jar
4e024000-4e02b000 r-xs 00000000 03:07 2318903    /home/gpothier/eclipse/workbench-3.1/snipsnap-core/lib/junitperf.jar
4e02b000-4e0d4000 r-xs 00000000 03:07 2318875    /home/gpothier/eclipse/workbench-3.1/snipsnap-core/lib/jython.jar
4e0d4000-4e123000 r-xs 00000000 03:07 2318907    /home/gpothier/eclipse/workbench-3.1/snipsnap-core/lib/lucene-1.4.1.jar
4e123000-4e16e000 r-xs 00000000 03:07 2318915    /home/gpothier/eclipse/workbench-3.1/snipsnap-core/lib/mail.jar
4e16e000-4e189000 r-xp 00000000 03:06 1014815    /usr/X11R6/lib/X11/locale/lib/common/ximcp.so.2
4e189000-4e18b000 rwxp 0001b000 03:06 1014815    /usr/X11R6/lib/X11/locale/lib/common/ximcp.so.2
4e1a2000-4e1ba000 r-xp 00000000 03:06 507318     /usr/java/jdk1.5.0/jre/lib/i386/libdcpr.so
4e1ba000-4e1cd000 rwxp 00018000 03:06 507318     /usr/java/jdk1.5.0/jre/lib/i386/libdcpr.so
4e1cf000-4e213000 r-xs 00000000 03:07 2403339    /home/gpothier/eclipse/workbench-3.1/StorySnipper/lib/runtime/commons-httpclient-3.0-rc1.jar
4e213000-4e32f000 r-xs 00000000 03:07 2318905    /home/gpothier/eclipse/workbench-3.1/snipsnap-core/lib/mckoidb.jar
4e32f000-4e367000 r-xs 00000000 03:07 2318935    /home/gpothier/eclipse/workbench-3.1/snipsnap-core/lib/mysql-connector.jar
4e367000-4e36a000 r-xs 00000000 03:07 2318929    /home/gpothier/eclipse/workbench-3.1/snipsnap-core/lib/nanocontainer-1.0.jar
4e36a000-4e36b000 r-xs 00000000 03:07 2318921    /home/gpothier/eclipse/workbench-3.1/snipsnap-core/lib/nanocontainer-dynaop-1.0-beta-1-SNAPSHOT.jar
4e36b000-4e3af000 r-xs 00000000 03:07 2318887    /home/gpothier/eclipse/workbench-3.1/snipsnap-core/lib/org.apache.jasper.jar
4e3af000-4e43d000 r-xs 00000000 03:07 2318943    /home/gpothier/eclipse/workbench-3.1/snipsnap-core/lib/org.mortbay.jetty.jar
4e43d000-4e44a000 r-xs 00000000 03:07 2318927    /home/gpothier/eclipse/workbench-3.1/snipsnap-core/lib/picocontainer-1.0.jar
4e44a000-4e478000 r-xs 00000000 03:07 2318871    /home/gpothier/eclipse/workbench-3.1/snipsnap-core/lib/postgres-jdbc.jar
4e478000-4e4ad000 r-xs 00000000 03:07 2318917    /home/gpothier/eclipse/workbench-3.1/snipsnap-core/lib/radeox.jar
4e4ad000-4e4d4000 r-xs 00000000 03:07 2318945    /home/gpothier/eclipse/workbench-3.1/snipsnap-core/lib/rome-0.5.jar
4e4d4000-4e4d9000 r-xs 00000000 03:07 2318923    /home/gpothier/eclipse/workbench-3.1/snipsnap-core/lib/rss-ng-1.0-alpha-1.jar
4e4d9000-4e4f9000 r-xs 00000000 03:07 2318897    /home/gpothier/eclipse/workbench-3.1/snipsnap-core/lib/smack.jar
4e4f9000-4e50e000 r-xs 00000000 03:07 2318947    /home/gpothier/eclipse/workbench-3.1/snipsnap-core/lib/xmlrpc-1.2-b1.jar
4e50e000-4e51a000 r-xs 00000000 03:07 2403336    /home/gpothier/eclipse/workbench-3.1/StorySnipper/lib/runtime/commons-codec-1.3.jar
4e51a000-4e58e000 r-xp 00000000 03:06 507320     /usr/java/jdk1.5.0/jre/lib/i386/libawt.so
4e58e000-4e594000 rwxp 00074000 03:06 507320     /usr/java/jdk1.5.0/jre/lib/i386/libawt.so
4e594000-4e5b8000 rwxp 4e594000 00:00 0 
4e5b8000-4e67e000 r-xp 00000000 03:06 507319     /usr/java/jdk1.5.0/jre/lib/i386/libmlib_image.so
4e67e000-4e67f000 rwxp 000c5000 03:06 507319     /usr/java/jdk1.5.0/jre/lib/i386/libmlib_image.so
4e67f000-4e6b4000 r-xp 00000000 03:06 507324     /usr/java/jdk1.5.0/jre/lib/i386/xawt/libmawt.so
4e6b4000-4e6b8000 rwxp 00034000 03:06 507324     /usr/java/jdk1.5.0/jre/lib/i386/xawt/libmawt.so
4e6b8000-4e6c9000 rwxs 00000000 00:07 8192008    /SYSV00000000 (deleted)
4e6cf000-4e6dc000 r-xp 00000000 03:06 1014925    /usr/X11R6/lib/libXext.so.6.4
4e6dc000-4e6dd000 rwxp 0000d000 03:06 1014925    /usr/X11R6/lib/libXext.so.6.4
4e6dd000-4e7a4000 r-xp 00000000 03:06 1014611    /usr/X11R6/lib/libX11.so.6.2
4e7a4000-4e7a8000 rwxp 000c6000 03:06 1014611    /usr/X11R6/lib/libX11.so.6.2
4e7a8000-4e81b000 r-xp 00000000 03:06 507329     /usr/java/jdk1.5.0/jre/lib/i386/libfontmanager.so
4e81b000-4e825000 rwxp 00073000 03:06 507329     /usr/java/jdk1.5.0/jre/lib/i386/libfontmanager.so
4e825000-4e829000 rwxp 4e825000 00:00 0 
4e829000-4e82b000 r-xp 00000000 03:06 1014596    /usr/X11R6/lib/X11/locale/lib/common/xlcDef.so.2
4e82b000-4e82c000 rwxp 00001000 03:06 1014596    /usr/X11R6/lib/X11/locale/lib/common/xlcDef.so.2
4e843000-4e84b000 r-xp 00000000 03:06 1014943    /usr/X11R6/lib/libXcursor.so.1.0.2
4e84b000-4e84c000 rwxp 00007000 03:06 1014943    /usr/X11R6/lib/libXcursor.so.1.0.2
4e84c000-4e853000 r-xp 00000000 03:06 1014903    /usr/X11R6/lib/libXrender.so.1.2.2
4e853000-4e854000 rwxp 00006000 03:06 1014903    /usr/X11R6/lib/libXrender.so.1.2.2
4e854000-4e868000 r-xp 00000000 03:06 507312     /usr/java/jdk1.5.0/jre/lib/i386/libnet.so
4e868000-4e869000 rwxp 00013000 03:06 507312     /usr/java/jdk1.5.0/jre/lib/i386/libnet.so
4e869000-4e86f000 r-xp 00000000 03:06 507313     /usr/java/jdk1.5.0/jre/lib/i386/libnio.so
4e86f000-4e870000 rwxp 00005000 03:06 507313     /usr/java/jdk1.5.0/jre/lib/i386/libnio.so
4e870000-4e8e2000 r-xp 00000000 03:06 507331     /usr/java/jdk1.5.0/jre/lib/i386/libcmm.so
4e8e2000-4e8e5000 rwxp 00071000 03:06 507331     /usr/java/jdk1.5.0/jre/lib/i386/libcmm.so
4e900000-4e9f9000 rwxp 4e900000 00:00 0 
4e9f9000-4ea00000 ---p 4e9f9000 00:00 0 
4ea00000-4ea2f000 r-xp 00000000 03:06 507330     /usr/java/jdk1.5.0/jre/lib/i386/libjpeg.so
4ea2f000-4ea30000 rwxp 0002e000 03:06 507330     /usr/java/jdk1.5.0/jre/lib/i386/libjpeg.so
4ea44000-4eabc000 rwxp 4ea44000 00:00 0 
4eb00000-4eb21000 rwxp 4eb00000 00:00 0 
4eb21000-4ec00000 ---p 4eb21000 00:00 0 
4ec41000-4ec82000 rwxp 4ec41000 00:00 0 
4ecf9000-4ef78000 rwxs 00000000 00:07 7536649    /SYSV00000000 (deleted)
bd201000-bd204000 ---p bd201000 00:00 0 
bd204000-bd400000 rwxp bd204000 00:00 0 
bd401000-bd404000 ---p bd401000 00:00 0 
bd404000-bd600000 rwxp bd404000 00:00 0 
bd601000-bd604000 ---p bd601000 00:00 0 
bd604000-bd800000 rwxp bd604000 00:00 0 
bd801000-bd804000 ---p bd801000 00:00 0 
bd804000-bda00000 rwxp bd804000 00:00 0 
bda01000-bda04000 ---p bda01000 00:00 0 
bda04000-bdc00000 rwxp bda04000 00:00 0 
bdc01000-bdc04000 ---p bdc01000 00:00 0 
bdc04000-bde00000 rwxp bdc04000 00:00 0 
bde01000-bde04000 ---p bde01000 00:00 0 
bde04000-be000000 rwxp bde04000 00:00 0 
be001000-be004000 ---p be001000 00:00 0 
be004000-be200000 rwxp be004000 00:00 0 
be201000-be204000 ---p be201000 00:00 0 
be204000-be400000 rwxp be204000 00:00 0 
be400000-be401000 ---p be400000 00:00 0 
be401000-be600000 rwxp be401000 00:00 0 
be601000-be604000 ---p be601000 00:00 0 
be604000-be800000 rwxp be604000 00:00 0 
be800000-be804000 ---p be800000 00:00 0 
be804000-bea00000 rwxp be804000 00:00 0 
bea01000-bea04000 ---p bea01000 00:00 0 
bea04000-bec00000 rwxp bea04000 00:00 0 
bec01000-bec04000 ---p bec01000 00:00 0 
bec04000-bee00000 rwxp bec04000 00:00 0 
bee01000-bee04000 ---p bee01000 00:00 0 
bee04000-bf000000 rwxp bee04000 00:00 0 
bf001000-bf004000 ---p bf001000 00:00 0 
bf004000-bf200000 rwxp bf004000 00:00 0 
bf201000-bf204000 ---p bf201000 00:00 0 
bf204000-bf400000 rwxp bf204000 00:00 0 
bf401000-bf404000 ---p bf401000 00:00 0 
bf404000-bf600000 rwxp bf404000 00:00 0 
bf600000-bf601000 ---p bf600000 00:00 0 
bf601000-bf800000 rwxp bf601000 00:00 0 
bfe01000-bfe04000 ---p bfe01000 00:00 0 
bfe04000-c0000000 rwxp bfe04000 00:00 0 
ffffe000-fffff000 ---p 00000000 00:00 0 

VM Arguments:
jvm_args: -Xdebug -Xnoagent -Xrunjdwp:transport=dt_socket,suspend=y,address=localhost:35012
java_command: zz.snipsnap.jibx.Launcher

Environment Variables:
JAVA_HOME=/usr/java/jdk1.5.0
CLASSPATH=.
PATH=/usr/kde/3.3/bin:/bin:/usr/bin:/usr/local/bin:/opt/bin:/usr/i686-pc-linux-gnu/gcc-bin/3.3.5:/opt/Acrobat5:/usr/X11R6/bin:/opt/sun-jdk-1.5.0.02/bin:/opt/sun-jdk-1.5.0.02/jre/bin:/usr/qt/3/bin:/usr/kde/3.3/bin:/usr/games/bin:/usr/java/jdk1.5.0/bin:/home/gpothier/apps/bin
LD_LIBRARY_PATH=/usr/java/jdk1.5.0/jre/lib/i386/client:/usr/java/jdk1.5.0/jre/lib/i386:/usr/java/jdk1.5.0/jre/../lib/i386:/usr/lib:/usr/local/lib:/usr/lib/mozilla
SHELL=/bin/bash
DISPLAY=:0.0


---------------  S Y S T E M  ---------------

OS:Gentoo Base System version 1.4.16

uname:Linux 2.6.10-gentoo-r4 #4 Wed Feb 9 20:40:03 CLST 2005 i686
libc:glibc 2.3.4 linuxthreads-0.10 (fixed stack)
rlimit: STACK 2044k, CORE 0k, NPROC 4095, NOFILE 1024, AS infinity
load average:1.01 0.51 0.71

CPU:total 1 family 6, cmov, cx8, fxsr, mmx, sse

Memory: 4k page, physical 515644k(8220k free), swap 457812k(228924k free)

vm_info: Java HotSpot(TM) Client VM (1.5.0-b64) for linux-x86, built on Sep 15 2004 03:56:41 by java_re with gcc 3.2.1-7a (J2SE release)

